<?xml version="1.0" encoding="UTF-8"?>
<testsuite name="com.walking.standardofwalking.UserTest" tests="1" skipped="0" failures="0" errors="0" timestamp="2022-09-28T00:59:49" hostname="hongiks-MacBook-Pro.local" time="0.102">
  <properties/>
  <testcase name="delete()" classname="com.walking.standardofwalking.UserTest" time="0.102"/>
  <system-out><![CDATA[09:59:47.455 [Test worker] DEBUG org.springframework.test.context.BootstrapUtils - Instantiating CacheAwareContextLoaderDelegate from class [org.springframework.test.context.cache.DefaultCacheAwareContextLoaderDelegate]
09:59:47.460 [Test worker] DEBUG org.springframework.test.context.BootstrapUtils - Instantiating BootstrapContext using constructor [public org.springframework.test.context.support.DefaultBootstrapContext(java.lang.Class,org.springframework.test.context.CacheAwareContextLoaderDelegate)]
09:59:47.475 [Test worker] DEBUG org.springframework.test.context.BootstrapUtils - Instantiating TestContextBootstrapper for test class [com.walking.standardofwalking.UserTest] from class [org.springframework.boot.test.context.SpringBootTestContextBootstrapper]
09:59:47.480 [Test worker] INFO org.springframework.boot.test.context.SpringBootTestContextBootstrapper - Neither @ContextConfiguration nor @ContextHierarchy found for test class [com.walking.standardofwalking.UserTest], using SpringBootContextLoader
09:59:47.482 [Test worker] DEBUG org.springframework.test.context.support.AbstractContextLoader - Did not detect default resource location for test class [com.walking.standardofwalking.UserTest]: class path resource [com/walking/standardofwalking/UserTest-context.xml] does not exist
09:59:47.482 [Test worker] DEBUG org.springframework.test.context.support.AbstractContextLoader - Did not detect default resource location for test class [com.walking.standardofwalking.UserTest]: class path resource [com/walking/standardofwalking/UserTestContext.groovy] does not exist
09:59:47.482 [Test worker] INFO org.springframework.test.context.support.AbstractContextLoader - Could not detect default resource locations for test class [com.walking.standardofwalking.UserTest]: no resource found for suffixes {-context.xml, Context.groovy}.
09:59:47.483 [Test worker] INFO org.springframework.test.context.support.AnnotationConfigContextLoaderUtils - Could not detect default configuration classes for test class [com.walking.standardofwalking.UserTest]: UserTest does not declare any static, non-private, non-final, nested classes annotated with @Configuration.
09:59:47.505 [Test worker] DEBUG org.springframework.test.context.support.ActiveProfilesUtils - Could not find an 'annotation declaring class' for annotation type [org.springframework.test.context.ActiveProfiles] and class [com.walking.standardofwalking.UserTest]
09:59:47.534 [Test worker] DEBUG org.springframework.context.annotation.ClassPathScanningCandidateComponentProvider - Identified candidate component class: file [/Users/hongik/IdeaProjects/StandardOfWalking/build/classes/java/main/com/walking/standardofwalking/StandardOfWalkingApplication.class]
09:59:47.535 [Test worker] INFO org.springframework.boot.test.context.SpringBootTestContextBootstrapper - Found @SpringBootConfiguration com.walking.standardofwalking.StandardOfWalkingApplication for test class com.walking.standardofwalking.UserTest
09:59:47.574 [Test worker] DEBUG org.springframework.boot.test.context.SpringBootTestContextBootstrapper - @TestExecutionListeners is not present for class [com.walking.standardofwalking.UserTest]: using defaults.
09:59:47.574 [Test worker] INFO org.springframework.boot.test.context.SpringBootTestContextBootstrapper - Loaded default TestExecutionListener class names from location [META-INF/spring.factories]: [org.springframework.security.test.context.support.WithSecurityContextTestExecutionListener, org.springframework.security.test.context.support.ReactorContextTestExecutionListener, org.springframework.boot.test.autoconfigure.restdocs.RestDocsTestExecutionListener, org.springframework.boot.test.autoconfigure.web.client.MockRestServiceServerResetTestExecutionListener, org.springframework.boot.test.autoconfigure.web.servlet.MockMvcPrintOnlyOnFailureTestExecutionListener, org.springframework.boot.test.autoconfigure.web.servlet.WebDriverTestExecutionListener, org.springframework.boot.test.autoconfigure.webservices.client.MockWebServiceServerTestExecutionListener, org.springframework.boot.test.mock.mockito.MockitoTestExecutionListener, org.springframework.boot.test.mock.mockito.ResetMocksTestExecutionListener, org.springframework.test.context.web.ServletTestExecutionListener, org.springframework.test.context.support.DirtiesContextBeforeModesTestExecutionListener, org.springframework.test.context.event.ApplicationEventsTestExecutionListener, org.springframework.test.context.support.DependencyInjectionTestExecutionListener, org.springframework.test.context.support.DirtiesContextTestExecutionListener, org.springframework.test.context.transaction.TransactionalTestExecutionListener, org.springframework.test.context.jdbc.SqlScriptsTestExecutionListener, org.springframework.test.context.event.EventPublishingTestExecutionListener]
09:59:47.583 [Test worker] INFO org.springframework.boot.test.context.SpringBootTestContextBootstrapper - Using TestExecutionListeners: [org.springframework.test.context.web.ServletTestExecutionListener@29d2d081, org.springframework.test.context.support.DirtiesContextBeforeModesTestExecutionListener@40e4ea87, org.springframework.test.context.event.ApplicationEventsTestExecutionListener@58783f6c, org.springframework.boot.test.mock.mockito.MockitoTestExecutionListener@3a7b503d, org.springframework.boot.test.autoconfigure.SpringBootDependencyInjectionTestExecutionListener@512d92b, org.springframework.test.context.support.DirtiesContextTestExecutionListener@62c5bbdc, org.springframework.test.context.transaction.TransactionalTestExecutionListener@7bdf6bb7, org.springframework.test.context.jdbc.SqlScriptsTestExecutionListener@1bc53649, org.springframework.security.test.context.support.WithSecurityContextTestExecutionListener@88d6f9b, org.springframework.test.context.event.EventPublishingTestExecutionListener@47d93e0d, org.springframework.security.test.context.support.ReactorContextTestExecutionListener@475b7792, org.springframework.boot.test.autoconfigure.restdocs.RestDocsTestExecutionListener@751e664e, org.springframework.boot.test.autoconfigure.web.client.MockRestServiceServerResetTestExecutionListener@160c3ec1, org.springframework.boot.test.autoconfigure.web.servlet.MockMvcPrintOnlyOnFailureTestExecutionListener@182b435b, org.springframework.boot.test.autoconfigure.web.servlet.WebDriverTestExecutionListener@4d0402b, org.springframework.boot.test.autoconfigure.webservices.client.MockWebServiceServerTestExecutionListener@2fa7ae9, org.springframework.boot.test.mock.mockito.ResetMocksTestExecutionListener@7577b641]
09:59:47.585 [Test worker] DEBUG org.springframework.test.context.support.AbstractDirtiesContextTestExecutionListener - Before test class: context [DefaultTestContext@6831d8fd testClass = UserTest, testInstance = [null], testMethod = [null], testException = [null], mergedContextConfiguration = [WebMergedContextConfiguration@27dc79f7 testClass = UserTest, locations = '{}', classes = '{class com.walking.standardofwalking.StandardOfWalkingApplication}', contextInitializerClasses = '[]', activeProfiles = '{}', propertySourceLocations = '{}', propertySourceProperties = '{org.springframework.boot.test.context.SpringBootTestContextBootstrapper=true}', contextCustomizers = set[org.springframework.boot.test.autoconfigure.actuate.metrics.MetricsExportContextCustomizerFactory$DisableMetricExportContextCustomizer@16746061, org.springframework.boot.test.autoconfigure.properties.PropertyMappingContextCustomizer@0, org.springframework.boot.test.autoconfigure.web.servlet.WebDriverContextCustomizerFactory$Customizer@201b6b6f, org.springframework.boot.test.context.filter.ExcludeFilterContextCustomizer@67ab1c47, org.springframework.boot.test.json.DuplicateJsonObjectContextCustomizerFactory$DuplicateJsonObjectContextCustomizer@5b444398, org.springframework.boot.test.mock.mockito.MockitoContextCustomizer@0, org.springframework.boot.test.web.client.TestRestTemplateContextCustomizer@56bca85b, org.springframework.boot.test.context.SpringBootTestArgs@1, org.springframework.boot.test.context.SpringBootTestWebEnvironment@536dbea0], resourceBasePath = 'src/main/webapp', contextLoader = 'org.springframework.boot.test.context.SpringBootContextLoader', parent = [null]], attributes = map['org.springframework.test.context.web.ServletTestExecutionListener.activateListener' -> true]], class annotated with @DirtiesContext [false] with mode [null].

  .   ____          _            __ _ _
 /\\ / ___'_ __ _ _(_)_ __  __ _ \ \ \ \
( ( )\___ | '_ | '_| | '_ \/ _` | \ \ \ \
 \\/  ___)| |_)| | | | | || (_| |  ) ) ) )
  '  |____| .__|_| |_|_| |_\__, | / / / /
 =========|_|==============|___/=/_/_/_/
 :: Spring Boot ::                (v2.7.4)

2022-09-28 09:59:47.755  INFO 11734 --- [    Test worker] com.walking.standardofwalking.UserTest   : Starting UserTest using Java 11.0.15 on hongiks-MacBook-Pro.local with PID 11734 (started by hongik in /Users/hongik/IdeaProjects/StandardOfWalking)
2022-09-28 09:59:47.756  INFO 11734 --- [    Test worker] com.walking.standardofwalking.UserTest   : No active profile set, falling back to 1 default profile: "default"
2022-09-28 09:59:48.073  INFO 11734 --- [    Test worker] .s.d.r.c.RepositoryConfigurationDelegate : Bootstrapping Spring Data JPA repositories in DEFAULT mode.
2022-09-28 09:59:48.096  INFO 11734 --- [    Test worker] .s.d.r.c.RepositoryConfigurationDelegate : Finished Spring Data repository scanning in 18 ms. Found 1 JPA repository interfaces.
2022-09-28 09:59:48.163  WARN 11734 --- [    Test worker] o.m.s.mapper.ClassPathMapperScanner      : No MyBatis mapper was found in '[com.walking.standardofwalking]' package. Please check your configuration.
2022-09-28 09:59:48.335  INFO 11734 --- [    Test worker] com.zaxxer.hikari.HikariDataSource       : HikariPool-1 - Starting...
2022-09-28 09:59:48.443  INFO 11734 --- [    Test worker] com.zaxxer.hikari.HikariDataSource       : HikariPool-1 - Start completed.
2022-09-28 09:59:48.530  INFO 11734 --- [    Test worker] o.hibernate.jpa.internal.util.LogHelper  : HHH000204: Processing PersistenceUnitInfo [name: default]
2022-09-28 09:59:48.560  INFO 11734 --- [    Test worker] org.hibernate.Version                    : HHH000412: Hibernate ORM core version 5.6.11.Final
2022-09-28 09:59:48.663  INFO 11734 --- [    Test worker] o.hibernate.annotations.common.Version   : HCANN000001: Hibernate Commons Annotations {5.1.2.Final}
2022-09-28 09:59:48.728  INFO 11734 --- [    Test worker] org.hibernate.dialect.Dialect            : HHH000400: Using dialect: org.hibernate.dialect.MySQL5InnoDBDialect
2022-09-28 09:59:49.053  INFO 11734 --- [    Test worker] o.h.e.t.j.p.i.JtaPlatformInitiator       : HHH000490: Using JtaPlatform implementation: [org.hibernate.engine.transaction.jta.platform.internal.NoJtaPlatform]
2022-09-28 09:59:49.060  INFO 11734 --- [    Test worker] j.LocalContainerEntityManagerFactoryBean : Initialized JPA EntityManagerFactory for persistence unit 'default'
2022-09-28 09:59:49.667  WARN 11734 --- [    Test worker] .s.s.UserDetailsServiceAutoConfiguration : 

Using generated security password: 2fd363b6-8264-4f14-8f40-d26c822f1bf3

This generated password is for development use only. Your security configuration must be updated before running your application in production.

2022-09-28 09:59:49.776  INFO 11734 --- [    Test worker] o.s.s.web.DefaultSecurityFilterChain     : Will secure any request with [org.springframework.security.web.session.DisableEncodeUrlFilter@3093161a, org.springframework.security.web.context.request.async.WebAsyncManagerIntegrationFilter@73a88711, org.springframework.security.web.context.SecurityContextPersistenceFilter@4645a575, org.springframework.security.web.header.HeaderWriterFilter@45a4587d, org.springframework.security.web.csrf.CsrfFilter@5fafd099, org.springframework.security.web.authentication.logout.LogoutFilter@26caf4b6, org.springframework.security.web.authentication.UsernamePasswordAuthenticationFilter@45bbb3e8, org.springframework.security.web.authentication.ui.DefaultLoginPageGeneratingFilter@4c1fed69, org.springframework.security.web.authentication.ui.DefaultLogoutPageGeneratingFilter@5978ba12, org.springframework.security.web.authentication.www.BasicAuthenticationFilter@5d03df76, org.springframework.security.web.savedrequest.RequestCacheAwareFilter@3ca5da54, org.springframework.security.web.servletapi.SecurityContextHolderAwareRequestFilter@57a0aeb8, org.springframework.security.web.authentication.AnonymousAuthenticationFilter@43f5b014, org.springframework.security.web.session.SessionManagementFilter@402d76c7, org.springframework.security.web.access.ExceptionTranslationFilter@4a467ada, org.springframework.security.web.access.intercept.FilterSecurityInterceptor@11a0c708]
2022-09-28 09:59:49.833  INFO 11734 --- [    Test worker] com.walking.standardofwalking.UserTest   : Started UserTest in 2.226 seconds (JVM running for 2.801)
Hibernate: 
    select
        user0_.cid as cid1_0_0_,
        user0_.age as age2_0_0_,
        user0_.email as email3_0_0_,
        user0_.gender as gender4_0_0_,
        user0_.name as name5_0_0_,
        user0_.password as password6_0_0_,
        user0_.userid as userid7_0_0_ 
    from
        user user0_ 
    where
        user0_.cid=?
Hibernate: 
    select
        user0_.cid as cid1_0_0_,
        user0_.age as age2_0_0_,
        user0_.email as email3_0_0_,
        user0_.gender as gender4_0_0_,
        user0_.name as name5_0_0_,
        user0_.password as password6_0_0_,
        user0_.userid as userid7_0_0_ 
    from
        user user0_ 
    where
        user0_.cid=?
Hibernate: 
    /* delete com.walking.standardofwalking.User */ delete 
        from
            user 
        where
            cid=?
]]></system-out>
  <system-err><![CDATA[]]></system-err>
</testsuite>
