<?xml version="1.0" encoding="UTF-8"?>
<testsuite name="com.walking.standardofwalking.StandardOfWalkingApplicationTests" tests="1" skipped="0" failures="0" errors="0" timestamp="2022-11-09T04:44:13" hostname="DESKTOP-LUEM1GJ" time="0.007">
  <properties/>
  <testcase name="contextLoads()" classname="com.walking.standardofwalking.StandardOfWalkingApplicationTests" time="0.007"/>
  <system-out><![CDATA[2022-11-09 13:44:13.628  INFO 33300 --- [    Test worker] .b.t.c.SpringBootTestContextBootstrapper : Neither @ContextConfiguration nor @ContextHierarchy found for test class [com.walking.standardofwalking.StandardOfWalkingApplicationTests], using SpringBootContextLoader
2022-11-09 13:44:13.629  INFO 33300 --- [    Test worker] o.s.t.c.support.AbstractContextLoader    : Could not detect default resource locations for test class [com.walking.standardofwalking.StandardOfWalkingApplicationTests]: no resource found for suffixes {-context.xml, Context.groovy}.
2022-11-09 13:44:13.629  INFO 33300 --- [    Test worker] t.c.s.AnnotationConfigContextLoaderUtils : Could not detect default configuration classes for test class [com.walking.standardofwalking.StandardOfWalkingApplicationTests]: StandardOfWalkingApplicationTests does not declare any static, non-private, non-final, nested classes annotated with @Configuration.
2022-11-09 13:44:13.633  INFO 33300 --- [    Test worker] .b.t.c.SpringBootTestContextBootstrapper : Found @SpringBootConfiguration com.walking.standardofwalking.StandardOfWalkingApplication for test class com.walking.standardofwalking.StandardOfWalkingApplicationTests
2022-11-09 13:44:13.639  INFO 33300 --- [    Test worker] .b.t.c.SpringBootTestContextBootstrapper : Loaded default TestExecutionListener class names from location [META-INF/spring.factories]: [org.springframework.security.test.context.support.WithSecurityContextTestExecutionListener, org.springframework.security.test.context.support.ReactorContextTestExecutionListener, org.springframework.boot.test.autoconfigure.restdocs.RestDocsTestExecutionListener, org.springframework.boot.test.autoconfigure.web.client.MockRestServiceServerResetTestExecutionListener, org.springframework.boot.test.autoconfigure.web.servlet.MockMvcPrintOnlyOnFailureTestExecutionListener, org.springframework.boot.test.autoconfigure.web.servlet.WebDriverTestExecutionListener, org.springframework.boot.test.autoconfigure.webservices.client.MockWebServiceServerTestExecutionListener, org.springframework.boot.test.mock.mockito.MockitoTestExecutionListener, org.springframework.boot.test.mock.mockito.ResetMocksTestExecutionListener, org.springframework.test.context.web.ServletTestExecutionListener, org.springframework.test.context.support.DirtiesContextBeforeModesTestExecutionListener, org.springframework.test.context.event.ApplicationEventsTestExecutionListener, org.springframework.test.context.support.DependencyInjectionTestExecutionListener, org.springframework.test.context.support.DirtiesContextTestExecutionListener, org.springframework.test.context.transaction.TransactionalTestExecutionListener, org.springframework.test.context.jdbc.SqlScriptsTestExecutionListener, org.springframework.test.context.event.EventPublishingTestExecutionListener]
2022-11-09 13:44:13.640  INFO 33300 --- [    Test worker] .b.t.c.SpringBootTestContextBootstrapper : Using TestExecutionListeners: [org.springframework.test.context.web.ServletTestExecutionListener@30623109, org.springframework.test.context.support.DirtiesContextBeforeModesTestExecutionListener@138110f8, org.springframework.test.context.event.ApplicationEventsTestExecutionListener@4fe8ac61, org.springframework.boot.test.mock.mockito.MockitoTestExecutionListener@665e18d5, org.springframework.boot.test.autoconfigure.SpringBootDependencyInjectionTestExecutionListener@4795876e, org.springframework.test.context.support.DirtiesContextTestExecutionListener@5c8859b4, org.springframework.test.context.transaction.TransactionalTestExecutionListener@56897de0, org.springframework.test.context.jdbc.SqlScriptsTestExecutionListener@40874f54, org.springframework.security.test.context.support.WithSecurityContextTestExecutionListener@2bc21edd, org.springframework.test.context.event.EventPublishingTestExecutionListener@3599b7e8, org.springframework.security.test.context.support.ReactorContextTestExecutionListener@2862bac6, org.springframework.boot.test.autoconfigure.restdocs.RestDocsTestExecutionListener@52e5ad71, org.springframework.boot.test.autoconfigure.web.client.MockRestServiceServerResetTestExecutionListener@696a6506, org.springframework.boot.test.autoconfigure.web.servlet.MockMvcPrintOnlyOnFailureTestExecutionListener@1134a934, org.springframework.boot.test.autoconfigure.web.servlet.WebDriverTestExecutionListener@2cbd855e, org.springframework.boot.test.autoconfigure.webservices.client.MockWebServiceServerTestExecutionListener@534c3b9d, org.springframework.boot.test.mock.mockito.ResetMocksTestExecutionListener@69b436a7]
]]></system-out>
  <system-err><![CDATA[]]></system-err>
</testsuite>
