<?xml version="1.0" encoding="UTF-8"?>
<testsuite name="com.walking.standardofwalking.UserTest" tests="3" skipped="0" failures="0" errors="0" timestamp="2022-11-09T04:44:12" hostname="DESKTOP-LUEM1GJ" time="0.788">
  <properties/>
  <testcase name="delete()" classname="com.walking.standardofwalking.UserTest" time="0.369"/>
  <testcase name="findAll()" classname="com.walking.standardofwalking.UserTest" time="0.296"/>
  <testcase name="save()" classname="com.walking.standardofwalking.UserTest" time="0.119"/>
  <system-out><![CDATA[13:44:04.561 [Test worker] DEBUG org.springframework.test.context.BootstrapUtils - Instantiating CacheAwareContextLoaderDelegate from class [org.springframework.test.context.cache.DefaultCacheAwareContextLoaderDelegate]
13:44:04.588 [Test worker] DEBUG org.springframework.test.context.BootstrapUtils - Instantiating BootstrapContext using constructor [public org.springframework.test.context.support.DefaultBootstrapContext(java.lang.Class,org.springframework.test.context.CacheAwareContextLoaderDelegate)]
13:44:04.663 [Test worker] DEBUG org.springframework.test.context.BootstrapUtils - Instantiating TestContextBootstrapper for test class [com.walking.standardofwalking.UserTest] from class [org.springframework.boot.test.context.SpringBootTestContextBootstrapper]
13:44:04.684 [Test worker] INFO org.springframework.boot.test.context.SpringBootTestContextBootstrapper - Neither @ContextConfiguration nor @ContextHierarchy found for test class [com.walking.standardofwalking.UserTest], using SpringBootContextLoader
13:44:04.689 [Test worker] DEBUG org.springframework.test.context.support.AbstractContextLoader - Did not detect default resource location for test class [com.walking.standardofwalking.UserTest]: class path resource [com/walking/standardofwalking/UserTest-context.xml] does not exist
13:44:04.689 [Test worker] DEBUG org.springframework.test.context.support.AbstractContextLoader - Did not detect default resource location for test class [com.walking.standardofwalking.UserTest]: class path resource [com/walking/standardofwalking/UserTestContext.groovy] does not exist
13:44:04.689 [Test worker] INFO org.springframework.test.context.support.AbstractContextLoader - Could not detect default resource locations for test class [com.walking.standardofwalking.UserTest]: no resource found for suffixes {-context.xml, Context.groovy}.
13:44:04.691 [Test worker] INFO org.springframework.test.context.support.AnnotationConfigContextLoaderUtils - Could not detect default configuration classes for test class [com.walking.standardofwalking.UserTest]: UserTest does not declare any static, non-private, non-final, nested classes annotated with @Configuration.
13:44:04.767 [Test worker] DEBUG org.springframework.test.context.support.ActiveProfilesUtils - Could not find an 'annotation declaring class' for annotation type [org.springframework.test.context.ActiveProfiles] and class [com.walking.standardofwalking.UserTest]
13:44:04.882 [Test worker] DEBUG org.springframework.context.annotation.ClassPathScanningCandidateComponentProvider - Identified candidate component class: file [C:\Users\gram\The-Essence-Of-Walking-AI\StandardOfWalking\build\classes\java\main\com\walking\standardofwalking\StandardOfWalkingApplication.class]
13:44:04.883 [Test worker] INFO org.springframework.boot.test.context.SpringBootTestContextBootstrapper - Found @SpringBootConfiguration com.walking.standardofwalking.StandardOfWalkingApplication for test class com.walking.standardofwalking.UserTest
13:44:05.081 [Test worker] DEBUG org.springframework.boot.test.context.SpringBootTestContextBootstrapper - @TestExecutionListeners is not present for class [com.walking.standardofwalking.UserTest]: using defaults.
13:44:05.082 [Test worker] INFO org.springframework.boot.test.context.SpringBootTestContextBootstrapper - Loaded default TestExecutionListener class names from location [META-INF/spring.factories]: [org.springframework.security.test.context.support.WithSecurityContextTestExecutionListener, org.springframework.security.test.context.support.ReactorContextTestExecutionListener, org.springframework.boot.test.autoconfigure.restdocs.RestDocsTestExecutionListener, org.springframework.boot.test.autoconfigure.web.client.MockRestServiceServerResetTestExecutionListener, org.springframework.boot.test.autoconfigure.web.servlet.MockMvcPrintOnlyOnFailureTestExecutionListener, org.springframework.boot.test.autoconfigure.web.servlet.WebDriverTestExecutionListener, org.springframework.boot.test.autoconfigure.webservices.client.MockWebServiceServerTestExecutionListener, org.springframework.boot.test.mock.mockito.MockitoTestExecutionListener, org.springframework.boot.test.mock.mockito.ResetMocksTestExecutionListener, org.springframework.test.context.web.ServletTestExecutionListener, org.springframework.test.context.support.DirtiesContextBeforeModesTestExecutionListener, org.springframework.test.context.event.ApplicationEventsTestExecutionListener, org.springframework.test.context.support.DependencyInjectionTestExecutionListener, org.springframework.test.context.support.DirtiesContextTestExecutionListener, org.springframework.test.context.transaction.TransactionalTestExecutionListener, org.springframework.test.context.jdbc.SqlScriptsTestExecutionListener, org.springframework.test.context.event.EventPublishingTestExecutionListener]
13:44:05.102 [Test worker] INFO org.springframework.boot.test.context.SpringBootTestContextBootstrapper - Using TestExecutionListeners: [org.springframework.test.context.web.ServletTestExecutionListener@50d68830, org.springframework.test.context.support.DirtiesContextBeforeModesTestExecutionListener@1e53135d, org.springframework.test.context.event.ApplicationEventsTestExecutionListener@7674a051, org.springframework.boot.test.mock.mockito.MockitoTestExecutionListener@3a7704c, org.springframework.boot.test.autoconfigure.SpringBootDependencyInjectionTestExecutionListener@6754ef00, org.springframework.test.context.support.DirtiesContextTestExecutionListener@619bd14c, org.springframework.test.context.transaction.TransactionalTestExecutionListener@323e8306, org.springframework.test.context.jdbc.SqlScriptsTestExecutionListener@a23a01d, org.springframework.security.test.context.support.WithSecurityContextTestExecutionListener@4acf72b6, org.springframework.test.context.event.EventPublishingTestExecutionListener@7561db12, org.springframework.security.test.context.support.ReactorContextTestExecutionListener@3301500b, org.springframework.boot.test.autoconfigure.restdocs.RestDocsTestExecutionListener@24b52d3e, org.springframework.boot.test.autoconfigure.web.client.MockRestServiceServerResetTestExecutionListener@15deb1dc, org.springframework.boot.test.autoconfigure.web.servlet.MockMvcPrintOnlyOnFailureTestExecutionListener@6e9c413e, org.springframework.boot.test.autoconfigure.web.servlet.WebDriverTestExecutionListener@57a4d5ee, org.springframework.boot.test.autoconfigure.webservices.client.MockWebServiceServerTestExecutionListener@5af5def9, org.springframework.boot.test.mock.mockito.ResetMocksTestExecutionListener@3a45c42a]
13:44:05.109 [Test worker] DEBUG org.springframework.test.context.support.AbstractDirtiesContextTestExecutionListener - Before test class: context [DefaultTestContext@50b0bc4c testClass = UserTest, testInstance = [null], testMethod = [null], testException = [null], mergedContextConfiguration = [WebMergedContextConfiguration@c20be82 testClass = UserTest, locations = '{}', classes = '{class com.walking.standardofwalking.StandardOfWalkingApplication}', contextInitializerClasses = '[]', activeProfiles = '{}', propertySourceLocations = '{}', propertySourceProperties = '{org.springframework.boot.test.context.SpringBootTestContextBootstrapper=true}', contextCustomizers = set[org.springframework.boot.test.autoconfigure.actuate.metrics.MetricsExportContextCustomizerFactory$DisableMetricExportContextCustomizer@72cf2de5, org.springframework.boot.test.autoconfigure.properties.PropertyMappingContextCustomizer@0, org.springframework.boot.test.autoconfigure.web.servlet.WebDriverContextCustomizerFactory$Customizer@502f1f4c, org.springframework.boot.test.context.filter.ExcludeFilterContextCustomizer@4fbda97b, org.springframework.boot.test.json.DuplicateJsonObjectContextCustomizerFactory$DuplicateJsonObjectContextCustomizer@4879f0f2, org.springframework.boot.test.mock.mockito.MockitoContextCustomizer@0, org.springframework.boot.test.web.client.TestRestTemplateContextCustomizer@435871cb, org.springframework.boot.test.context.SpringBootTestArgs@1, org.springframework.boot.test.context.SpringBootTestWebEnvironment@24c22fe], resourceBasePath = 'src/main/webapp', contextLoader = 'org.springframework.boot.test.context.SpringBootContextLoader', parent = [null]], attributes = map['org.springframework.test.context.web.ServletTestExecutionListener.activateListener' -> true]], class annotated with @DirtiesContext [false] with mode [null].

  .   ____          _            __ _ _
 /\\ / ___'_ __ _ _(_)_ __  __ _ \ \ \ \
( ( )\___ | '_ | '_| | '_ \/ _` | \ \ \ \
 \\/  ___)| |_)| | | | | || (_| |  ) ) ) )
  '  |____| .__|_| |_|_| |_\__, | / / / /
 =========|_|==============|___/=/_/_/_/
 :: Spring Boot ::                (v2.7.4)

2022-11-09 13:44:05.678  INFO 33300 --- [    Test worker] com.walking.standardofwalking.UserTest   : Starting UserTest using Java 11.0.17 on DESKTOP-LUEM1GJ with PID 33300 (started by gram in C:\Users\gram\The-Essence-Of-Walking-AI\StandardOfWalking)
2022-11-09 13:44:05.682  INFO 33300 --- [    Test worker] com.walking.standardofwalking.UserTest   : No active profile set, falling back to 1 default profile: "default"
2022-11-09 13:44:06.958  INFO 33300 --- [    Test worker] .s.d.r.c.RepositoryConfigurationDelegate : Bootstrapping Spring Data JPA repositories in DEFAULT mode.
2022-11-09 13:44:07.063  INFO 33300 --- [    Test worker] .s.d.r.c.RepositoryConfigurationDelegate : Finished Spring Data repository scanning in 93 ms. Found 1 JPA repository interfaces.
2022-11-09 13:44:07.263  WARN 33300 --- [    Test worker] o.m.s.mapper.ClassPathMapperScanner      : No MyBatis mapper was found in '[com.walking.standardofwalking]' package. Please check your configuration.
2022-11-09 13:44:07.924  INFO 33300 --- [    Test worker] com.zaxxer.hikari.HikariDataSource       : HikariPool-1 - Starting...
2022-11-09 13:44:08.351  INFO 33300 --- [    Test worker] com.zaxxer.hikari.HikariDataSource       : HikariPool-1 - Start completed.
2022-11-09 13:44:08.570  INFO 33300 --- [    Test worker] o.hibernate.jpa.internal.util.LogHelper  : HHH000204: Processing PersistenceUnitInfo [name: default]
2022-11-09 13:44:08.669  INFO 33300 --- [    Test worker] org.hibernate.Version                    : HHH000412: Hibernate ORM core version 5.6.11.Final
2022-11-09 13:44:09.154  INFO 33300 --- [    Test worker] o.hibernate.annotations.common.Version   : HCANN000001: Hibernate Commons Annotations {5.1.2.Final}
2022-11-09 13:44:09.421  INFO 33300 --- [    Test worker] org.hibernate.dialect.Dialect            : HHH000400: Using dialect: org.hibernate.dialect.MySQL5InnoDBDialect
2022-11-09 13:44:10.123  INFO 33300 --- [    Test worker] org.hibernate.tuple.PojoInstantiator     : HHH000182: No default (no-argument) constructor for class: com.walking.standardofwalking.entity.Login (class must be instantiated by Interceptor)
2022-11-09 13:44:10.338  INFO 33300 --- [    Test worker] o.h.e.t.j.p.i.JtaPlatformInitiator       : HHH000490: Using JtaPlatform implementation: [org.hibernate.engine.transaction.jta.platform.internal.NoJtaPlatform]
2022-11-09 13:44:10.349  INFO 33300 --- [    Test worker] j.LocalContainerEntityManagerFactoryBean : Initialized JPA EntityManagerFactory for persistence unit 'default'
2022-11-09 13:44:11.053  WARN 33300 --- [    Test worker] .s.s.UserDetailsServiceAutoConfiguration : 

Using generated security password: 4cba2ee9-5902-4960-9c3f-a1a55acdbd0c

This generated password is for development use only. Your security configuration must be updated before running your application in production.

2022-11-09 13:44:11.302  INFO 33300 --- [    Test worker] o.s.s.web.DefaultSecurityFilterChain     : Will secure any request with [org.springframework.security.web.session.DisableEncodeUrlFilter@39fc17be, org.springframework.security.web.context.request.async.WebAsyncManagerIntegrationFilter@106edde4, org.springframework.security.web.context.SecurityContextPersistenceFilter@6956eb58, org.springframework.security.web.header.HeaderWriterFilter@368d51ca, org.springframework.security.web.authentication.logout.LogoutFilter@2352c21f, org.springframework.security.web.savedrequest.RequestCacheAwareFilter@542754be, org.springframework.security.web.servletapi.SecurityContextHolderAwareRequestFilter@1e749235, org.springframework.security.web.authentication.AnonymousAuthenticationFilter@4d9cf71d, org.springframework.security.web.session.SessionManagementFilter@10e4cc6, org.springframework.security.web.access.ExceptionTranslationFilter@44ec4a38, org.springframework.security.web.access.intercept.FilterSecurityInterceptor@28d7bd6b]
2022-11-09 13:44:12.399  WARN 33300 --- [    Test worker] ion$DefaultTemplateResolverConfiguration : Cannot find template location: classpath:/templates/ (please add some templates, check your Thymeleaf configuration, or set spring.thymeleaf.check-template-location=false)
2022-11-09 13:44:12.804  INFO 33300 --- [    Test worker] com.walking.standardofwalking.UserTest   : Started UserTest in 7.652 seconds (JVM running for 10.569)
Hibernate: 
    select
        user0_.cid as cid1_1_0_,
        user0_.age as age2_1_0_,
        user0_.email as email3_1_0_,
        user0_.gender as gender4_1_0_,
        user0_.name as name5_1_0_,
        user0_.password as password6_1_0_,
        user0_.phone as phone7_1_0_,
        user0_.userid as userid8_1_0_ 
    from
        user user0_ 
    where
        user0_.cid=?
Hibernate: 
    select
        user0_.cid as cid1_1_0_,
        user0_.age as age2_1_0_,
        user0_.email as email3_1_0_,
        user0_.gender as gender4_1_0_,
        user0_.name as name5_1_0_,
        user0_.password as password6_1_0_,
        user0_.phone as phone7_1_0_,
        user0_.userid as userid8_1_0_ 
    from
        user user0_ 
    where
        user0_.cid=?
Hibernate: 
    /* delete com.walking.standardofwalking.entity.User */ delete 
        from
            user 
        where
            cid=?
Hibernate: 
    /* select
        generatedAlias0 
    from
        User as generatedAlias0 */ select
            user0_.cid as cid1_1_,
            user0_.age as age2_1_,
            user0_.email as email3_1_,
            user0_.gender as gender4_1_,
            user0_.name as name5_1_,
            user0_.password as password6_1_,
            user0_.phone as phone7_1_,
            user0_.userid as userid8_1_ 
        from
            user user0_
Hibernate: 
    select
        next_val as id_val 
    from
        hibernate_sequence for update
            
Hibernate: 
    update
        hibernate_sequence 
    set
        next_val= ? 
    where
        next_val=?
Hibernate: 
    /* insert com.walking.standardofwalking.entity.User
        */ insert 
        into
            user
            (age, email, gender, name, password, phone, userid, cid) 
        values
            (?, ?, ?, ?, ?, ?, ?, ?)
Hibernate: 
    select
        next_val as id_val 
    from
        hibernate_sequence for update
            
Hibernate: 
    update
        hibernate_sequence 
    set
        next_val= ? 
    where
        next_val=?
Hibernate: 
    /* insert com.walking.standardofwalking.entity.User
        */ insert 
        into
            user
            (age, email, gender, name, password, phone, userid, cid) 
        values
            (?, ?, ?, ?, ?, ?, ?, ?)
Hibernate: 
    select
        next_val as id_val 
    from
        hibernate_sequence for update
            
Hibernate: 
    update
        hibernate_sequence 
    set
        next_val= ? 
    where
        next_val=?
Hibernate: 
    /* insert com.walking.standardofwalking.entity.User
        */ insert 
        into
            user
            (age, email, gender, name, password, phone, userid, cid) 
        values
            (?, ?, ?, ?, ?, ?, ?, ?)
]]></system-out>
  <system-err><![CDATA[]]></system-err>
</testsuite>
